Adjusting learning rate of group 0 to 1.0000e-01.
Adjusting learning rate of group 0 to 9.9000e-02.
Adjusting learning rate of group 0 to 9.8010e-02.
Adjusting learning rate of group 0 to 9.7030e-02.
Adjusting learning rate of group 0 to 9.6060e-02.
Adjusting learning rate of group 0 to 9.5099e-02.
Adjusting learning rate of group 0 to 9.4148e-02.
Adjusting learning rate of group 0 to 9.3207e-02.
Adjusting learning rate of group 0 to 1.8455e-02.
Adjusting learning rate of group 0 to 1.8270e-02.
Adjusting learning rate of group 0 to 3.6175e-03.
Adjusting learning rate of group 0 to 7.1627e-04.
Adjusting learning rate of group 0 to 1.4182e-04.
Adjusting learning rate of group 0 to 1.4040e-04.
Adjusting learning rate of group 0 to 1.3900e-04.
Adjusting learning rate of group 0 to 2.7522e-05.
Adjusting learning rate of group 0 to 2.7247e-05.
Adjusting learning rate of group 0 to 2.6974e-05.
Adjusting learning rate of group 0 to 2.6704e-05.

JOB STATISTICS
==============
Job ID: 5986529
Cluster: snellius
User/Group: scur1398/scur1398
State: COMPLETED (exit code 0)
Nodes: 1
Cores per node: 18
CPU Utilized: 01:17:17
CPU Efficiency: 6.80% of 18:57:18 core-walltime
Job Wall-clock time: 01:03:11
Memory Utilized: 1008.07 MB
Memory Efficiency: 0.82% of 120.00 GB
